# JRE version: Java(TM) SE Runtime Environment (8.0_241-b07) (build 1.8.0_241-b07)
# Java VM: Java HotSpot(TM) 64-Bit Server VM (25.241-b07 mixed mode windows-amd64 compressed oops)
Heap:
 PSYoungGen      total 94720K, used 8655K [0x0000000740500000, 0x0000000749500000, 0x00000007c0000000)
  eden space 49152K, 15% used [0x0000000740500000,0x0000000740c9b1d8,0x0000000743500000)
  from space 45568K, 1% used [0x0000000743500000,0x00000007435d8d28,0x0000000746180000)
  to   space 38400K, 0% used [0x0000000746180000,0x0000000746180000,0x0000000748700000)
 ParOldGen       total 289280K, used 153967K [0x0000000640e00000, 0x0000000652880000, 0x0000000740500000)
  object space 289280K, 53% used [0x0000000640e00000,0x000000064a45bd20,0x0000000652880000)
 Metaspace       used 20685K, capacity 20918K, committed 21120K, reserved 1067008K
  class space    used 2550K, capacity 2623K, committed 2688K, reserved 1048576K
GC Heap History (10 events):
Event: 332.055 GC heap before
{Heap before GC invocations=418 (full 9):
 PSYoungGen      total 74752K, used 74379K [0x0000000740500000, 0x0000000745900000, 0x00000007c0000000)
  eden space 70656K, 100% used [0x0000000740500000,0x0000000744a00000,0x0000000744a00000)
  from space 4096K, 90% used [0x0000000744b00000,0x0000000744ea2de8,0x0000000744f00000)
  to   space 7680K, 0% used [0x0000000745180000,0x0000000745180000,0x0000000745900000)
 ParOldGen       total 289280K, used 155179K [0x0000000640e00000, 0x0000000652880000, 0x0000000740500000)
  object space 289280K, 53% used [0x0000000640e00000,0x000000064a58afb0,0x0000000652880000)
 Metaspace       used 20674K, capacity 20918K, committed 21120K, reserved 1067008K
  class space    used 2550K, capacity 2623K, committed 2688K, reserved 1048576K
Event: 332.070 GC heap after
Heap after GC invocations=418 (full 9):
 PSYoungGen      total 54272K, used 7668K [0x0000000740500000, 0x0000000749500000, 0x00000007c0000000)
  eden space 46592K, 0% used [0x0000000740500000,0x0000000740500000,0x0000000743280000)
  from space 7680K, 99% used [0x0000000745180000,0x00000007458fd110,0x0000000745900000)
  to   space 31744K, 0% used [0x0000000743280000,0x0000000743280000,0x0000000745180000)
 ParOldGen       total 289280K, used 216548K [0x0000000640e00000, 0x0000000652880000, 0x0000000740500000)
  object space 289280K, 74% used [0x0000000640e00000,0x000000064e179050,0x0000000652880000)
 Metaspace       used 20674K, capacity 20918K, committed 21120K, reserved 1067008K
  class space    used 2550K, capacity 2623K, committed 2688K, reserved 1048576K
}
Event: 332.121 GC heap before
{Heap before GC invocations=419 (full 9):
 PSYoungGen      total 54272K, used 52501K [0x0000000740500000, 0x0000000749500000, 0x00000007c0000000)
  eden space 46592K, 96% used [0x0000000740500000,0x00000007430c8348,0x0000000743280000)
  from space 7680K, 99% used [0x0000000745180000,0x00000007458fd110,0x0000000745900000)
  to   space 31744K, 0% used [0x0000000743280000,0x0000000743280000,0x0000000745180000)
 ParOldGen       total 289280K, used 216548K [0x0000000640e00000, 0x0000000652880000, 0x0000000740500000)
  object space 289280K, 74% used [0x0000000640e00000,0x000000064e179050,0x0000000652880000)
 Metaspace       used 20674K, capacity 20918K, committed 21120K, reserved 1067008K
  class space    used 2550K, capacity 2623K, committed 2688K, reserved 1048576K
Event: 332.130 GC heap after
Heap after GC invocations=419 (full 9):
 PSYoungGen      total 78336K, used 31232K [0x0000000740500000, 0x0000000748700000, 0x00000007c0000000)
  eden space 46592K, 0% used [0x0000000740500000,0x0000000740500000,0x0000000743280000)
  from space 31744K, 98% used [0x0000000743280000,0x0000000745100268,0x0000000745180000)
  to   space 38400K, 0% used [0x0000000746180000,0x0000000746180000,0x0000000748700000)
 ParOldGen       total 289280K, used 236469K [0x0000000640e00000, 0x0000000652880000, 0x0000000740500000)
  object space 289280K, 81% used [0x0000000640e00000,0x000000064f4ed5c8,0x0000000652880000)
 Metaspace       used 20674K, capacity 20918K, committed 21120K, reserved 1067008K
  class space    used 2550K, capacity 2623K, committed 2688K, reserved 1048576K
}
Event: 332.238 GC heap before
{Heap before GC invocations=420 (full 9):
 PSYoungGen      total 78336K, used 77824K [0x0000000740500000, 0x0000000748700000, 0x00000007c0000000)
  eden space 46592K, 100% used [0x0000000740500000,0x0000000743280000,0x0000000743280000)
  from space 31744K, 98% used [0x0000000743280000,0x0000000745100268,0x0000000745180000)
  to   space 38400K, 0% used [0x0000000746180000,0x0000000746180000,0x0000000748700000)
 ParOldGen       total 289280K, used 236469K [0x0000000640e00000, 0x0000000652880000, 0x0000000740500000)
  object space 289280K, 81% used [0x0000000640e00000,0x000000064f4ed5c8,0x0000000652880000)
 Metaspace       used 20684K, capacity 20918K, committed 21120K, reserved 1067008K
  class space    used 2550K, capacity 2623K, committed 2688K, reserved 1048576K
Event: 332.253 GC heap after
Heap after GC invocations=420 (full 9):
 PSYoungGen      total 87552K, used 37672K [0x0000000740500000, 0x0000000749500000, 0x00000007c0000000)
  eden space 49152K, 0% used [0x0000000740500000,0x0000000740500000,0x0000000743500000)
  from space 38400K, 98% used [0x0000000746180000,0x000000074864a2e8,0x0000000748700000)
  to   space 45568K, 0% used [0x0000000743500000,0x0000000743500000,0x0000000746180000)
 ParOldGen       total 289280K, used 267526K [0x0000000640e00000, 0x0000000652880000, 0x0000000740500000)
  object space 289280K, 92% used [0x0000000640e00000,0x0000000651341840,0x0000000652880000)
 Metaspace       used 20684K, capacity 20918K, committed 21120K, reserved 1067008K
  class space    used 2550K, capacity 2623K, committed 2688K, reserved 1048576K
}
Event: 332.253 GC heap before
{Heap before GC invocations=421 (full 10):
 PSYoungGen      total 87552K, used 37672K [0x0000000740500000, 0x0000000749500000, 0x00000007c0000000)
  eden space 49152K, 0% used [0x0000000740500000,0x0000000740500000,0x0000000743500000)
  from space 38400K, 98% used [0x0000000746180000,0x000000074864a2e8,0x0000000748700000)
  to   space 45568K, 0% used [0x0000000743500000,0x0000000743500000,0x0000000746180000)
 ParOldGen       total 289280K, used 267526K [0x0000000640e00000, 0x0000000652880000, 0x0000000740500000)
  object space 289280K, 92% used [0x0000000640e00000,0x0000000651341840,0x0000000652880000)
 Metaspace       used 20684K, capacity 20918K, committed 21120K, reserved 1067008K
  class space    used 2550K, capacity 2623K, committed 2688K, reserved 1048576K
Event: 332.297 GC heap after
Heap after GC invocations=421 (full 10):
 PSYoungGen      total 87552K, used 0K [0x0000000740500000, 0x0000000749500000, 0x00000007c0000000)
  eden space 49152K, 0% used [0x0000000740500000,0x0000000740500000,0x0000000743500000)
  from space 38400K, 0% used [0x0000000746180000,0x0000000746180000,0x0000000748700000)
  to   space 45568K, 0% used [0x0000000743500000,0x0000000743500000,0x0000000746180000)
 ParOldGen       total 289280K, used 153967K [0x0000000640e00000, 0x0000000652880000, 0x0000000740500000)
  object space 289280K, 53% used [0x0000000640e00000,0x000000064a45bd20,0x0000000652880000)
 Metaspace       used 20684K, capacity 20918K, committed 21120K, reserved 1067008K
  class space    used 2550K, capacity 2623K, committed 2688K, reserved 1048576K
}
Event: 332.437 GC heap before
{Heap before GC invocations=422 (full 10):
 PSYoungGen      total 87552K, used 49152K [0x0000000740500000, 0x0000000749500000, 0x00000007c0000000)
  eden space 49152K, 100% used [0x0000000740500000,0x0000000743500000,0x0000000743500000)
  from space 38400K, 0% used [0x0000000746180000,0x0000000746180000,0x0000000748700000)
  to   space 45568K, 0% used [0x0000000743500000,0x0000000743500000,0x0000000746180000)
 ParOldGen       total 289280K, used 153967K [0x0000000640e00000, 0x0000000652880000, 0x0000000740500000)
  object space 289280K, 53% used [0x0000000640e00000,0x000000064a45bd20,0x0000000652880000)
 Metaspace       used 20685K, capacity 20918K, committed 21120K, reserved 1067008K
  class space    used 2550K, capacity 2623K, committed 2688K, reserved 1048576K
Event: 332.438 GC heap after
Heap after GC invocations=422 (full 10):
 PSYoungGen      total 94720K, used 867K [0x0000000740500000, 0x0000000749500000, 0x00000007c0000000)
  eden space 49152K, 0% used [0x0000000740500000,0x0000000740500000,0x0000000743500000)
  from space 45568K, 1% used [0x0000000743500000,0x00000007435d8d28,0x0000000746180000)
  to   space 38400K, 0% used [0x0000000746180000,0x0000000746180000,0x0000000748700000)
 ParOldGen       total 289280K, used 153967K [0x0000000640e00000, 0x0000000652880000, 0x0000000740500000)
  object space 289280K, 53% used [0x0000000640e00000,0x000000064a45bd20,0x0000000652880000)
 Metaspace       used 20685K, capacity 20918K, committed 21120K, reserved 1067008K
  class space    used 2550K, capacity 2623K, committed 2688K, reserved 1048576K
}

