# JRE version: Java(TM) SE Runtime Environment (8.0_241-b07) (build 1.8.0_241-b07)
# Java VM: Java HotSpot(TM) 64-Bit Server VM (25.241-b07 mixed mode windows-amd64 compressed oops)
Heap:
 PSYoungGen      total 151040K, used 102087K [0x00000000f5580000, 0x00000000ffc00000, 0x0000000100000000)
  eden space 143360K, 66% used [0x00000000f5580000,0x00000000fb1f8268,0x00000000fe180000)
  from space 7680K, 96% used [0x00000000ff480000,0x00000000ffbb9b08,0x00000000ffc00000)
  to   space 11264K, 0% used [0x00000000fe600000,0x00000000fe600000,0x00000000ff100000)
 ParOldGen       total 175104K, used 15304K [0x00000000e0000000, 0x00000000eab00000, 0x00000000f5580000)
  object space 175104K, 8% used [0x00000000e0000000,0x00000000e0ef2080,0x00000000eab00000)
 Metaspace       used 42660K, capacity 44642K, committed 44928K, reserved 1087488K
  class space    used 6113K, capacity 6491K, committed 6528K, reserved 1048576K
GC Heap History (10 events):
Event: 3.831 GC heap before
{Heap before GC invocations=6 (full 1):
 PSYoungGen      total 76288K, used 65536K [0x00000000f5580000, 0x00000000fea80000, 0x0000000100000000)
  eden space 65536K, 100% used [0x00000000f5580000,0x00000000f9580000,0x00000000f9580000)
  from space 10752K, 0% used [0x00000000fa000000,0x00000000fa000000,0x00000000faa80000)
  to   space 10752K, 0% used [0x00000000f9580000,0x00000000f9580000,0x00000000fa000000)
 ParOldGen       total 175104K, used 7912K [0x00000000e0000000, 0x00000000eab00000, 0x00000000f5580000)
  object space 175104K, 4% used [0x00000000e0000000,0x00000000e07ba1b8,0x00000000eab00000)
 Metaspace       used 26411K, capacity 27406K, committed 27520K, reserved 1073152K
  class space    used 3847K, capacity 4114K, committed 4224K, reserved 1048576K
Event: 3.835 GC heap after
Heap after GC invocations=6 (full 1):
 PSYoungGen      total 76288K, used 6950K [0x00000000f5580000, 0x00000000fd180000, 0x0000000100000000)
  eden space 65536K, 0% used [0x00000000f5580000,0x00000000f5580000,0x00000000f9580000)
  from space 10752K, 64% used [0x00000000f9580000,0x00000000f9c49948,0x00000000fa000000)
  to   space 12288K, 0% used [0x00000000fc580000,0x00000000fc580000,0x00000000fd180000)
 ParOldGen       total 175104K, used 7920K [0x00000000e0000000, 0x00000000eab00000, 0x00000000f5580000)
  object space 175104K, 4% used [0x00000000e0000000,0x00000000e07bc1b8,0x00000000eab00000)
 Metaspace       used 26411K, capacity 27406K, committed 27520K, reserved 1073152K
  class space    used 3847K, capacity 4114K, committed 4224K, reserved 1048576K
}
Event: 4.429 GC heap before
{Heap before GC invocations=7 (full 1):
 PSYoungGen      total 76288K, used 72486K [0x00000000f5580000, 0x00000000fd180000, 0x0000000100000000)
  eden space 65536K, 100% used [0x00000000f5580000,0x00000000f9580000,0x00000000f9580000)
  from space 10752K, 64% used [0x00000000f9580000,0x00000000f9c49948,0x00000000fa000000)
  to   space 12288K, 0% used [0x00000000fc580000,0x00000000fc580000,0x00000000fd180000)
 ParOldGen       total 175104K, used 7920K [0x00000000e0000000, 0x00000000eab00000, 0x00000000f5580000)
  object space 175104K, 4% used [0x00000000e0000000,0x00000000e07bc1b8,0x00000000eab00000)
 Metaspace       used 32891K, capacity 33966K, committed 34176K, reserved 1079296K
  class space    used 4595K, capacity 4895K, committed 4992K, reserved 1048576K
Event: 4.436 GC heap after
Heap after GC invocations=7 (full 1):
 PSYoungGen      total 112640K, used 8696K [0x00000000f5580000, 0x00000000fd000000, 0x0000000100000000)
  eden space 101888K, 0% used [0x00000000f5580000,0x00000000f5580000,0x00000000fb900000)
  from space 10752K, 80% used [0x00000000fc580000,0x00000000fcdfe2a0,0x00000000fd000000)
  to   space 11776K, 0% used [0x00000000fb900000,0x00000000fb900000,0x00000000fc480000)
 ParOldGen       total 175104K, used 7928K [0x00000000e0000000, 0x00000000eab00000, 0x00000000f5580000)
  object space 175104K, 4% used [0x00000000e0000000,0x00000000e07be1b8,0x00000000eab00000)
 Metaspace       used 32891K, capacity 33966K, committed 34176K, reserved 1079296K
  class space    used 4595K, capacity 4895K, committed 4992K, reserved 1048576K
}
Event: 4.711 GC heap before
{Heap before GC invocations=8 (full 1):
 PSYoungGen      total 112640K, used 37783K [0x00000000f5580000, 0x00000000fd000000, 0x0000000100000000)
  eden space 101888K, 28% used [0x00000000f5580000,0x00000000f71e7be8,0x00000000fb900000)
  from space 10752K, 80% used [0x00000000fc580000,0x00000000fcdfe2a0,0x00000000fd000000)
  to   space 11776K, 0% used [0x00000000fb900000,0x00000000fb900000,0x00000000fc480000)
 ParOldGen       total 175104K, used 7928K [0x00000000e0000000, 0x00000000eab00000, 0x00000000f5580000)
  object space 175104K, 4% used [0x00000000e0000000,0x00000000e07be1b8,0x00000000eab00000)
 Metaspace       used 34188K, capacity 35446K, committed 35496K, reserved 1079296K
  class space    used 4808K, capacity 5089K, committed 5120K, reserved 1048576K
Event: 4.718 GC heap after
Heap after GC invocations=8 (full 1):
 PSYoungGen      total 113664K, used 8548K [0x00000000f5580000, 0x0000000100000000, 0x0000000100000000)
  eden space 101888K, 0% used [0x00000000f5580000,0x00000000f5580000,0x00000000fb900000)
  from space 11776K, 72% used [0x00000000fb900000,0x00000000fc159218,0x00000000fc480000)
  to   space 11776K, 0% used [0x00000000ff480000,0x00000000ff480000,0x0000000100000000)
 ParOldGen       total 175104K, used 7936K [0x00000000e0000000, 0x00000000eab00000, 0x00000000f5580000)
  object space 175104K, 4% used [0x00000000e0000000,0x00000000e07c01b8,0x00000000eab00000)
 Metaspace       used 34188K, capacity 35446K, committed 35496K, reserved 1079296K
  class space    used 4808K, capacity 5089K, committed 5120K, reserved 1048576K
}
Event: 4.718 GC heap before
{Heap before GC invocations=9 (full 2):
 PSYoungGen      total 113664K, used 8548K [0x00000000f5580000, 0x0000000100000000, 0x0000000100000000)
  eden space 101888K, 0% used [0x00000000f5580000,0x00000000f5580000,0x00000000fb900000)
  from space 11776K, 72% used [0x00000000fb900000,0x00000000fc159218,0x00000000fc480000)
  to   space 11776K, 0% used [0x00000000ff480000,0x00000000ff480000,0x0000000100000000)
 ParOldGen       total 175104K, used 7936K [0x00000000e0000000, 0x00000000eab00000, 0x00000000f5580000)
  object space 175104K, 4% used [0x00000000e0000000,0x00000000e07c01b8,0x00000000eab00000)
 Metaspace       used 34188K, capacity 35446K, committed 35496K, reserved 1079296K
  class space    used 4808K, capacity 5089K, committed 5120K, reserved 1048576K
Event: 4.764 GC heap after
Heap after GC invocations=9 (full 2):
 PSYoungGen      total 113664K, used 0K [0x00000000f5580000, 0x0000000100000000, 0x0000000100000000)
  eden space 101888K, 0% used [0x00000000f5580000,0x00000000f5580000,0x00000000fb900000)
  from space 11776K, 0% used [0x00000000fb900000,0x00000000fb900000,0x00000000fc480000)
  to   space 11776K, 0% used [0x00000000ff480000,0x00000000ff480000,0x0000000100000000)
 ParOldGen       total 175104K, used 15296K [0x00000000e0000000, 0x00000000eab00000, 0x00000000f5580000)
  object space 175104K, 8% used [0x00000000e0000000,0x00000000e0ef0080,0x00000000eab00000)
 Metaspace       used 34188K, capacity 35446K, committed 35496K, reserved 1079296K
  class space    used 4808K, capacity 5089K, committed 5120K, reserved 1048576K
}
Event: 5.577 GC heap before
{Heap before GC invocations=10 (full 2):
 PSYoungGen      total 113664K, used 101888K [0x00000000f5580000, 0x0000000100000000, 0x0000000100000000)
  eden space 101888K, 100% used [0x00000000f5580000,0x00000000fb900000,0x00000000fb900000)
  from space 11776K, 0% used [0x00000000fb900000,0x00000000fb900000,0x00000000fc480000)
  to   space 11776K, 0% used [0x00000000ff480000,0x00000000ff480000,0x0000000100000000)
 ParOldGen       total 175104K, used 15296K [0x00000000e0000000, 0x00000000eab00000, 0x00000000f5580000)
  object space 175104K, 8% used [0x00000000e0000000,0x00000000e0ef0080,0x00000000eab00000)
 Metaspace       used 39945K, capacity 41632K, committed 41984K, reserved 1085440K
  class space    used 5661K, capacity 6040K, committed 6144K, reserved 1048576K
Event: 5.584 GC heap after
Heap after GC invocations=10 (full 2):
 PSYoungGen      total 151040K, used 7398K [0x00000000f5580000, 0x00000000ffc00000, 0x0000000100000000)
  eden space 143360K, 0% used [0x00000000f5580000,0x00000000f5580000,0x00000000fe180000)
  from space 7680K, 96% used [0x00000000ff480000,0x00000000ffbb9b08,0x00000000ffc00000)
  to   space 11264K, 0% used [0x00000000fe600000,0x00000000fe600000,0x00000000ff100000)
 ParOldGen       total 175104K, used 15304K [0x00000000e0000000, 0x00000000eab00000, 0x00000000f5580000)
  object space 175104K, 8% used [0x00000000e0000000,0x00000000e0ef2080,0x00000000eab00000)
 Metaspace       used 39945K, capacity 41632K, committed 41984K, reserved 1085440K
  class space    used 5661K, capacity 6040K, committed 6144K, reserved 1048576K
}

