# JRE version: Java(TM) SE Runtime Environment (8.0_241-b07) (build 1.8.0_241-b07)
# Java VM: Java HotSpot(TM) 64-Bit Server VM (25.241-b07 mixed mode windows-amd64 compressed oops)
Heap:
 PSYoungGen      total 160256K, used 2295K [0x00000000f5580000, 0x0000000100000000, 0x0000000100000000)
  eden space 145408K, 1% used [0x00000000f5580000,0x00000000f57bdde8,0x00000000fe380000)
  from space 14848K, 0% used [0x00000000ff180000,0x00000000ff180000,0x0000000100000000)
  to   space 14336K, 0% used [0x00000000fe380000,0x00000000fe380000,0x00000000ff180000)
 ParOldGen       total 175104K, used 15319K [0x00000000e0000000, 0x00000000eab00000, 0x00000000f5580000)
  object space 175104K, 8% used [0x00000000e0000000,0x00000000e0ef5f78,0x00000000eab00000)
 Metaspace       used 34171K, capacity 35514K, committed 35752K, reserved 1079296K
  class space    used 4804K, capacity 5089K, committed 5120K, reserved 1048576K
GC Heap History (10 events):
Event: 3.114 GC heap after
Heap after GC invocations=3 (full 0):
 PSYoungGen      total 76288K, used 10746K [0x00000000f5580000, 0x00000000fea80000, 0x0000000100000000)
  eden space 65536K, 0% used [0x00000000f5580000,0x00000000f5580000,0x00000000f9580000)
  from space 10752K, 99% used [0x00000000f9580000,0x00000000f9ffe948,0x00000000fa000000)
  to   space 10752K, 0% used [0x00000000fe000000,0x00000000fe000000,0x00000000fea80000)
 ParOldGen       total 175104K, used 856K [0x00000000e0000000, 0x00000000eab00000, 0x00000000f5580000)
  object space 175104K, 0% used [0x00000000e0000000,0x00000000e00d6178,0x00000000eab00000)
 Metaspace       used 19581K, capacity 20186K, committed 20480K, reserved 1067008K
  class space    used 2816K, capacity 2983K, committed 3072K, reserved 1048576K
}
Event: 3.253 GC heap before
{Heap before GC invocations=4 (full 0):
 PSYoungGen      total 76288K, used 25278K [0x00000000f5580000, 0x00000000fea80000, 0x0000000100000000)
  eden space 65536K, 22% used [0x00000000f5580000,0x00000000f63b1128,0x00000000f9580000)
  from space 10752K, 99% used [0x00000000f9580000,0x00000000f9ffe948,0x00000000fa000000)
  to   space 10752K, 0% used [0x00000000fe000000,0x00000000fe000000,0x00000000fea80000)
 ParOldGen       total 175104K, used 856K [0x00000000e0000000, 0x00000000eab00000, 0x00000000f5580000)
  object space 175104K, 0% used [0x00000000e0000000,0x00000000e00d6178,0x00000000eab00000)
 Metaspace       used 20628K, capacity 21278K, committed 21296K, reserved 1067008K
  class space    used 2992K, capacity 3191K, committed 3200K, reserved 1048576K
Event: 3.261 GC heap after
Heap after GC invocations=4 (full 0):
 PSYoungGen      total 141824K, used 8069K [0x00000000f5580000, 0x00000000fea80000, 0x0000000100000000)
  eden space 131072K, 0% used [0x00000000f5580000,0x00000000f5580000,0x00000000fd580000)
  from space 10752K, 75% used [0x00000000fe000000,0x00000000fe7e1580,0x00000000fea80000)
  to   space 10752K, 0% used [0x00000000fd580000,0x00000000fd580000,0x00000000fe000000)
 ParOldGen       total 175104K, used 864K [0x00000000e0000000, 0x00000000eab00000, 0x00000000f5580000)
  object space 175104K, 0% used [0x00000000e0000000,0x00000000e00d8178,0x00000000eab00000)
 Metaspace       used 20628K, capacity 21278K, committed 21296K, reserved 1067008K
  class space    used 2992K, capacity 3191K, committed 3200K, reserved 1048576K
}
Event: 3.261 GC heap before
{Heap before GC invocations=5 (full 1):
 PSYoungGen      total 141824K, used 8069K [0x00000000f5580000, 0x00000000fea80000, 0x0000000100000000)
  eden space 131072K, 0% used [0x00000000f5580000,0x00000000f5580000,0x00000000fd580000)
  from space 10752K, 75% used [0x00000000fe000000,0x00000000fe7e1580,0x00000000fea80000)
  to   space 10752K, 0% used [0x00000000fd580000,0x00000000fd580000,0x00000000fe000000)
 ParOldGen       total 175104K, used 864K [0x00000000e0000000, 0x00000000eab00000, 0x00000000f5580000)
  object space 175104K, 0% used [0x00000000e0000000,0x00000000e00d8178,0x00000000eab00000)
 Metaspace       used 20628K, capacity 21278K, committed 21296K, reserved 1067008K
  class space    used 2992K, capacity 3191K, committed 3200K, reserved 1048576K
Event: 3.297 GC heap after
Heap after GC invocations=5 (full 1):
 PSYoungGen      total 141824K, used 0K [0x00000000f5580000, 0x00000000fea80000, 0x0000000100000000)
  eden space 131072K, 0% used [0x00000000f5580000,0x00000000f5580000,0x00000000fd580000)
  from space 10752K, 0% used [0x00000000fe000000,0x00000000fe000000,0x00000000fea80000)
  to   space 10752K, 0% used [0x00000000fd580000,0x00000000fd580000,0x00000000fe000000)
 ParOldGen       total 175104K, used 7879K [0x00000000e0000000, 0x00000000eab00000, 0x00000000f5580000)
  object space 175104K, 4% used [0x00000000e0000000,0x00000000e07b1cc0,0x00000000eab00000)
 Metaspace       used 20628K, capacity 21278K, committed 21296K, reserved 1067008K
  class space    used 2992K, capacity 3191K, committed 3200K, reserved 1048576K
}
Event: 4.581 GC heap before
{Heap before GC invocations=6 (full 1):
 PSYoungGen      total 141824K, used 131072K [0x00000000f5580000, 0x00000000fea80000, 0x0000000100000000)
  eden space 131072K, 100% used [0x00000000f5580000,0x00000000fd580000,0x00000000fd580000)
  from space 10752K, 0% used [0x00000000fe000000,0x00000000fe000000,0x00000000fea80000)
  to   space 10752K, 0% used [0x00000000fd580000,0x00000000fd580000,0x00000000fe000000)
 ParOldGen       total 175104K, used 7879K [0x00000000e0000000, 0x00000000eab00000, 0x00000000f5580000)
  object space 175104K, 4% used [0x00000000e0000000,0x00000000e07b1cc0,0x00000000eab00000)
 Metaspace       used 32804K, capacity 33922K, committed 34048K, reserved 1079296K
  class space    used 4578K, capacity 4859K, committed 4864K, reserved 1048576K
Event: 4.595 GC heap after
Heap after GC invocations=6 (full 1):
 PSYoungGen      total 141824K, used 10732K [0x00000000f5580000, 0x0000000100000000, 0x0000000100000000)
  eden space 131072K, 0% used [0x00000000f5580000,0x00000000f5580000,0x00000000fd580000)
  from space 10752K, 99% used [0x00000000fd580000,0x00000000fdffb358,0x00000000fe000000)
  to   space 14848K, 0% used [0x00000000ff180000,0x00000000ff180000,0x0000000100000000)
 ParOldGen       total 175104K, used 10456K [0x00000000e0000000, 0x00000000eab00000, 0x00000000f5580000)
  object space 175104K, 5% used [0x00000000e0000000,0x00000000e0a36080,0x00000000eab00000)
 Metaspace       used 32804K, capacity 33922K, committed 34048K, reserved 1079296K
  class space    used 4578K, capacity 4859K, committed 4864K, reserved 1048576K
}
Event: 4.888 GC heap before
{Heap before GC invocations=7 (full 1):
 PSYoungGen      total 141824K, used 40558K [0x00000000f5580000, 0x0000000100000000, 0x0000000100000000)
  eden space 131072K, 22% used [0x00000000f5580000,0x00000000f72a0708,0x00000000fd580000)
  from space 10752K, 99% used [0x00000000fd580000,0x00000000fdffb358,0x00000000fe000000)
  to   space 14848K, 0% used [0x00000000ff180000,0x00000000ff180000,0x0000000100000000)
 ParOldGen       total 175104K, used 10456K [0x00000000e0000000, 0x00000000eab00000, 0x00000000f5580000)
  object space 175104K, 5% used [0x00000000e0000000,0x00000000e0a36080,0x00000000eab00000)
 Metaspace       used 34168K, capacity 35450K, committed 35496K, reserved 1079296K
  class space    used 4802K, capacity 5089K, committed 5120K, reserved 1048576K
Event: 4.896 GC heap after
Heap after GC invocations=7 (full 1):
 PSYoungGen      total 160256K, used 8628K [0x00000000f5580000, 0x0000000100000000, 0x0000000100000000)
  eden space 145408K, 0% used [0x00000000f5580000,0x00000000f5580000,0x00000000fe380000)
  from space 14848K, 58% used [0x00000000ff180000,0x00000000ff9ed208,0x0000000100000000)
  to   space 14336K, 0% used [0x00000000fe380000,0x00000000fe380000,0x00000000ff180000)
 ParOldGen       total 175104K, used 10464K [0x00000000e0000000, 0x00000000eab00000, 0x00000000f5580000)
  object space 175104K, 5% used [0x00000000e0000000,0x00000000e0a38080,0x00000000eab00000)
 Metaspace       used 34168K, capacity 35450K, committed 35496K, reserved 1079296K
  class space    used 4802K, capacity 5089K, committed 5120K, reserved 1048576K
}
Event: 4.896 GC heap before
{Heap before GC invocations=8 (full 2):
 PSYoungGen      total 160256K, used 8628K [0x00000000f5580000, 0x0000000100000000, 0x0000000100000000)
  eden space 145408K, 0% used [0x00000000f5580000,0x00000000f5580000,0x00000000fe380000)
  from space 14848K, 58% used [0x00000000ff180000,0x00000000ff9ed208,0x0000000100000000)
  to   space 14336K, 0% used [0x00000000fe380000,0x00000000fe380000,0x00000000ff180000)
 ParOldGen       total 175104K, used 10464K [0x00000000e0000000, 0x00000000eab00000, 0x00000000f5580000)
  object space 175104K, 5% used [0x00000000e0000000,0x00000000e0a38080,0x00000000eab00000)
 Metaspace       used 34168K, capacity 35450K, committed 35496K, reserved 1079296K
  class space    used 4802K, capacity 5089K, committed 5120K, reserved 1048576K

