# JRE version: Java(TM) SE Runtime Environment (8.0_241-b07) (build 1.8.0_241-b07)
# Java VM: Java HotSpot(TM) 64-Bit Server VM (25.241-b07 mixed mode windows-amd64 compressed oops)
Heap:
 PSYoungGen      total 117248K, used 40343K [0x00000000f5580000, 0x00000000fff00000, 0x0000000100000000)
  eden space 104960K, 38% used [0x00000000f5580000,0x00000000f7ce5c78,0x00000000fbc00000)
  from space 12288K, 0% used [0x00000000fbc00000,0x00000000fbc00000,0x00000000fc800000)
  to   space 11776K, 0% used [0x00000000ff380000,0x00000000ff380000,0x00000000fff00000)
 ParOldGen       total 175104K, used 15310K [0x00000000e0000000, 0x00000000eab00000, 0x00000000f5580000)
  object space 175104K, 8% used [0x00000000e0000000,0x00000000e0ef3850,0x00000000eab00000)
 Metaspace       used 36801K, capacity 38178K, committed 38272K, reserved 1081344K
  class space    used 5139K, capacity 5436K, committed 5504K, reserved 1048576K
GC Heap History (10 events):
Event: 3.048 GC heap before
{Heap before GC invocations=5 (full 1):
 PSYoungGen      total 76288K, used 8047K [0x00000000f5580000, 0x00000000fea80000, 0x0000000100000000)
  eden space 65536K, 0% used [0x00000000f5580000,0x00000000f5580000,0x00000000f9580000)
  from space 10752K, 74% used [0x00000000fa000000,0x00000000fa7dbc28,0x00000000faa80000)
  to   space 10752K, 0% used [0x00000000f9580000,0x00000000f9580000,0x00000000fa000000)
 ParOldGen       total 175104K, used 876K [0x00000000e0000000, 0x00000000eab00000, 0x00000000f5580000)
  object space 175104K, 0% used [0x00000000e0000000,0x00000000e00db3f8,0x00000000eab00000)
 Metaspace       used 20629K, capacity 21286K, committed 21296K, reserved 1067008K
  class space    used 2991K, capacity 3191K, committed 3200K, reserved 1048576K
Event: 3.079 GC heap after
Heap after GC invocations=5 (full 1):
 PSYoungGen      total 76288K, used 0K [0x00000000f5580000, 0x00000000fea80000, 0x0000000100000000)
  eden space 65536K, 0% used [0x00000000f5580000,0x00000000f5580000,0x00000000f9580000)
  from space 10752K, 0% used [0x00000000fa000000,0x00000000fa000000,0x00000000faa80000)
  to   space 10752K, 0% used [0x00000000f9580000,0x00000000f9580000,0x00000000fa000000)
 ParOldGen       total 175104K, used 7890K [0x00000000e0000000, 0x00000000eab00000, 0x00000000f5580000)
  object space 175104K, 4% used [0x00000000e0000000,0x00000000e07b4be0,0x00000000eab00000)
 Metaspace       used 20629K, capacity 21286K, committed 21296K, reserved 1067008K
  class space    used 2991K, capacity 3191K, committed 3200K, reserved 1048576K
}
Event: 3.653 GC heap before
{Heap before GC invocations=6 (full 1):
 PSYoungGen      total 76288K, used 65536K [0x00000000f5580000, 0x00000000fea80000, 0x0000000100000000)
  eden space 65536K, 100% used [0x00000000f5580000,0x00000000f9580000,0x00000000f9580000)
  from space 10752K, 0% used [0x00000000fa000000,0x00000000fa000000,0x00000000faa80000)
  to   space 10752K, 0% used [0x00000000f9580000,0x00000000f9580000,0x00000000fa000000)
 ParOldGen       total 175104K, used 7890K [0x00000000e0000000, 0x00000000eab00000, 0x00000000f5580000)
  object space 175104K, 4% used [0x00000000e0000000,0x00000000e07b4be0,0x00000000eab00000)
 Metaspace       used 26319K, capacity 27226K, committed 27392K, reserved 1073152K
  class space    used 3831K, capacity 4050K, committed 4096K, reserved 1048576K
Event: 3.659 GC heap after
Heap after GC invocations=6 (full 1):
 PSYoungGen      total 76288K, used 6828K [0x00000000f5580000, 0x00000000fd400000, 0x0000000100000000)
  eden space 65536K, 0% used [0x00000000f5580000,0x00000000f5580000,0x00000000f9580000)
  from space 10752K, 63% used [0x00000000f9580000,0x00000000f9c2b1b8,0x00000000fa000000)
  to   space 12288K, 0% used [0x00000000fc800000,0x00000000fc800000,0x00000000fd400000)
 ParOldGen       total 175104K, used 7898K [0x00000000e0000000, 0x00000000eab00000, 0x00000000f5580000)
  object space 175104K, 4% used [0x00000000e0000000,0x00000000e07b6be0,0x00000000eab00000)
 Metaspace       used 26319K, capacity 27226K, committed 27392K, reserved 1073152K
  class space    used 3831K, capacity 4050K, committed 4096K, reserved 1048576K
}
Event: 4.238 GC heap before
{Heap before GC invocations=7 (full 1):
 PSYoungGen      total 76288K, used 72364K [0x00000000f5580000, 0x00000000fd400000, 0x0000000100000000)
  eden space 65536K, 100% used [0x00000000f5580000,0x00000000f9580000,0x00000000f9580000)
  from space 10752K, 63% used [0x00000000f9580000,0x00000000f9c2b1b8,0x00000000fa000000)
  to   space 12288K, 0% used [0x00000000fc800000,0x00000000fc800000,0x00000000fd400000)
 ParOldGen       total 175104K, used 7898K [0x00000000e0000000, 0x00000000eab00000, 0x00000000f5580000)
  object space 175104K, 4% used [0x00000000e0000000,0x00000000e07b6be0,0x00000000eab00000)
 Metaspace       used 32854K, capacity 33974K, committed 34176K, reserved 1079296K
  class space    used 4591K, capacity 4895K, committed 4992K, reserved 1048576K
Event: 4.246 GC heap after
Heap after GC invocations=7 (full 1):
 PSYoungGen      total 117248K, used 8748K [0x00000000f5580000, 0x00000000fd400000, 0x0000000100000000)
  eden space 104960K, 0% used [0x00000000f5580000,0x00000000f5580000,0x00000000fbc00000)
  from space 12288K, 71% used [0x00000000fc800000,0x00000000fd08b170,0x00000000fd400000)
  to   space 12288K, 0% used [0x00000000fbc00000,0x00000000fbc00000,0x00000000fc800000)
 ParOldGen       total 175104K, used 7906K [0x00000000e0000000, 0x00000000eab00000, 0x00000000f5580000)
  object space 175104K, 4% used [0x00000000e0000000,0x00000000e07b8be0,0x00000000eab00000)
 Metaspace       used 32854K, capacity 33974K, committed 34176K, reserved 1079296K
  class space    used 4591K, capacity 4895K, committed 4992K, reserved 1048576K
}
Event: 4.496 GC heap before
{Heap before GC invocations=8 (full 1):
 PSYoungGen      total 117248K, used 38792K [0x00000000f5580000, 0x00000000fd400000, 0x0000000100000000)
  eden space 104960K, 28% used [0x00000000f5580000,0x00000000f72d71b0,0x00000000fbc00000)
  from space 12288K, 71% used [0x00000000fc800000,0x00000000fd08b170,0x00000000fd400000)
  to   space 12288K, 0% used [0x00000000fbc00000,0x00000000fbc00000,0x00000000fc800000)
 ParOldGen       total 175104K, used 7906K [0x00000000e0000000, 0x00000000eab00000, 0x00000000f5580000)
  object space 175104K, 4% used [0x00000000e0000000,0x00000000e07b8be0,0x00000000eab00000)
 Metaspace       used 34186K, capacity 35458K, committed 35496K, reserved 1079296K
  class space    used 4809K, capacity 5089K, committed 5120K, reserved 1048576K
Event: 4.503 GC heap after
Heap after GC invocations=8 (full 1):
 PSYoungGen      total 117248K, used 8579K [0x00000000f5580000, 0x00000000fff00000, 0x0000000100000000)
  eden space 104960K, 0% used [0x00000000f5580000,0x00000000f5580000,0x00000000fbc00000)
  from space 12288K, 69% used [0x00000000fbc00000,0x00000000fc460fe8,0x00000000fc800000)
  to   space 11776K, 0% used [0x00000000ff380000,0x00000000ff380000,0x00000000fff00000)
 ParOldGen       total 175104K, used 7914K [0x00000000e0000000, 0x00000000eab00000, 0x00000000f5580000)
  object space 175104K, 4% used [0x00000000e0000000,0x00000000e07babe0,0x00000000eab00000)
 Metaspace       used 34186K, capacity 35458K, committed 35496K, reserved 1079296K
  class space    used 4809K, capacity 5089K, committed 5120K, reserved 1048576K
}
Event: 4.503 GC heap before
{Heap before GC invocations=9 (full 2):
 PSYoungGen      total 117248K, used 8579K [0x00000000f5580000, 0x00000000fff00000, 0x0000000100000000)
  eden space 104960K, 0% used [0x00000000f5580000,0x00000000f5580000,0x00000000fbc00000)
  from space 12288K, 69% used [0x00000000fbc00000,0x00000000fc460fe8,0x00000000fc800000)
  to   space 11776K, 0% used [0x00000000ff380000,0x00000000ff380000,0x00000000fff00000)
 ParOldGen       total 175104K, used 7914K [0x00000000e0000000, 0x00000000eab00000, 0x00000000f5580000)
  object space 175104K, 4% used [0x00000000e0000000,0x00000000e07babe0,0x00000000eab00000)
 Metaspace       used 34186K, capacity 35458K, committed 35496K, reserved 1079296K
  class space    used 4809K, capacity 5089K, committed 5120K, reserved 1048576K
Event: 4.540 GC heap after
Heap after GC invocations=9 (full 2):
 PSYoungGen      total 117248K, used 0K [0x00000000f5580000, 0x00000000fff00000, 0x0000000100000000)
  eden space 104960K, 0% used [0x00000000f5580000,0x00000000f5580000,0x00000000fbc00000)
  from space 12288K, 0% used [0x00000000fbc00000,0x00000000fbc00000,0x00000000fc800000)
  to   space 11776K, 0% used [0x00000000ff380000,0x00000000ff380000,0x00000000fff00000)
 ParOldGen       total 175104K, used 15310K [0x00000000e0000000, 0x00000000eab00000, 0x00000000f5580000)
  object space 175104K, 8% used [0x00000000e0000000,0x00000000e0ef3850,0x00000000eab00000)
 Metaspace       used 34186K, capacity 35458K, committed 35496K, reserved 1079296K
  class space    used 4809K, capacity 5089K, committed 5120K, reserved 1048576K
}

